GBNLPBochBot, [18.08.20 18:41]
Добрый день

Андрей, [18.08.20 18:41]
добрый вечер, вообще-то

GBNLPBochBot, [18.08.20 18:41]
Ну, Наденька, вы философ!!! Добрейшим людям наидобрейший нескучный вечерок!!!.

Андрей, [18.08.20 18:42]
уже неплохо

GBNLPBochBot, [18.08.20 18:42]
ваще красава.

Андрей, [18.08.20 18:42]
как дела?

GBNLPBochBot, [18.08.20 18:42]
заибись.

Андрей, [18.08.20 18:42]
хмм интересный словарь

GBNLPBochBot, [18.08.20 18:42]
ортологические словари (Букчина Б. З. , 1999; Орфографический словарь русского языка, под ред. В. В. 6 Лопатина; Соловьев Н. В. , 1997; 2000; 2001; Тихонов А. Н. , 1999; Ушаков Д. Н. , изд. 43-е, 2001; Орфоэпический словарь русского языка, под ред. Р. И. Аванесова, 1983; 1985; 1987; 1988; 1989; 1997; 1999; 2000; 2001); 7) частотные словари (Денисов П. Н. и др. , 1978; Лённгрен Л. , 1993; Частотный словарь русского языка, под ред. Л. Н. Засориной, 1977; Штейнфельдт Э. А. , 1963; 1969; 1973); 8) словообразовательные и морфемные словари (Ефремова Т. Ф. , 2000; Потиха З. А. , 1981; Тихонов А. Н. , 1985; 1990); 9) грамматические словари (Баранов А. Н. и др. , 1993; Зализняк А. А. , 1977 и др.) ; 10) идеографические (идеологические) словари (Баранов О. С. , 1995; Кильдибекова Т. А. , Гафарова Г. В. , 1997; 1998; 2000; 2001; Лексико- семантические группы русских глаголов, под ред. Т. В. Матвеевой, 1988; Система лексических минимумов, ред. В. В. Морковкин, 2003; Словарь лексико-семантических групп русских глаголов, под ред. Э. В. Кузнецовой, 1989; Толковый словарь русских глаголов, под ред. Л. Г. Бабенко, 1999); 11) ассоциативные словари (Караулов Ю. Н. , 1994; 1996; 1998); 12) словари омонимов (Ахманова О. С. , 1974; 1976; 1986; Колесников Н. П. , 1976; 1978; 1995; Окунева А. П. , 2002); паронимов (Вишнякова О. В. , 1984; Головина Э. Д. , 1997; Колесников Н. П. , 1971; 1995); словари синонимов (Алекандрова З. Е. , изд. 11, 2001; Горбачевич К. С. , 1996; Еськова И. Б. , Хаустов Ю. Ф. , 1996; Ю. Д. Апресян и др. , 1997; 2000; Словарь синонимов русского языка, гл. ред. А. П. Евгеньева) , антонимов (Введенская Л. А. , 1971; 1982; 2002; Колесников Н. А. , 1972; 1995; Львов М. Р. , 1978; 1984; 1985; 1988; 1996; 1997; 2001)..

Андрей, [18.08.20 18:42]
а нет, не очень интересный )

GBNLPBochBot, [18.08.20 18:42]
Активная.

Андрей, [18.08.20 18:43]
наркоман что ли

GBNLPBochBot, [18.08.20 18:43]
наверное. что-то.....

Андрей, [18.08.20 18:43]
а что именно?

GBNLPBochBot, [18.08.20 18:43]
Есть такое лекарство, оно продаётся без рецепта в любой аптеке или других местах - новое увлечение!!.

Андрей, [18.08.20 18:44]
и как, нормально накрывает?

GBNLPBochBot, [18.08.20 18:44]
Вопрос? Не?.

Андрей, [18.08.20 18:44]
ты похоже уже накидался

GBNLPBochBot, [18.08.20 18:44]
Мы вместе будем шипеть, я в Азии научилась, у одной знакомой кобрыыыы)))))))))))))).

Андрей, [18.08.20 18:45]
не, такое я пробовать не стал бы

GBNLPBochBot, [18.08.20 18:45]
Неумение творить чудеса..
