Андрей, [18.08.20 23:51]
[Forwarded from GBNLPBochBot]
Добрый день

Андрей, [18.08.20 23:51]
[Forwarded from Андрей]
Привет, бот

Андрей, [18.08.20 23:51]
[Forwarded from GBNLPBochBot]
Иногда мы можем услышать новые и не совсем понятные нам слова из разговоров прохожих, наших с вами детей, друзей, теле- и радиопередач и т.д. Не всегда до нас доходит смысл данных лексических единиц, и мы можем употреблять их полноценно в речи. Чтобы не попасть впросак, желательно иметь хоть какое-либо представление о некоторых из этих слов. Сегодня мы поговорим об одном из них, итак, кто такой бот и что обозначает это слово в зависимости от контекста:     Бот (от английского boat) - так в эпоху парусного флота называли небольшие палубные (для морских плаваний) или беспалубные (для прибрежных плаваний) парусные или парусно-гребные судна с небольшим водоизмещением (вплоть до 15 тонн) для грузоперевозок или любых других целей.   Бот (понятие из чатов) - часть компьютерной программы, реализующей различные функции (для примера - ввод и вывод сообщений), поддерживаемые функционалом самого чата.   Бот - сокращение от ботан (ботаник) - унизительное прозвище для школьника (реже - студента), уделяющего учебе слишком много свободного времени.   Сфера, где упоминание слова "бот" является повсеместной и общепринятой - это компьютерные игры. В шутерах под ботом понимается часть компьютерной программы, имитирующей деятельность партнеров или врагов, в режиме сетевой или командной игры в различных поединках и баталиях. Как правило, разработчики игр стараются придать ботам элементы искусственного интеллекта, т.е. быть максимально адаптированными к ее особенностям, картам, способностям самого геймера.   Ботами еще называют краулеров - программы, являющиеся частью поисковых систем, предназначенных для поиска, систематизации и ранжирования интернет ресурсов в своей базе.   Бот - простое сокращение от слова роБОТ.     Таким образом, как вы видите, на вопрос, кто такой бот, можно дать множество совершенно различных ответов. Нужный вариант зависит лишь от той ситуации, в которой употреблялось данное слово.   .

Андрей, [18.08.20 23:51]
[Forwarded from Андрей]
Что ты умеешь?

Андрей, [18.08.20 23:51]
[Forwarded from GBNLPBochBot]
Есть такое лекарство, оно продаётся без рецепта в любой аптеке или других местах - новое увлечение!!.

Андрей, [18.08.20 23:51]
[Forwarded from Андрей]
Лукашенко?

Андрей, [18.08.20 23:51]
[Forwarded from GBNLPBochBot]
ага, причем гнустные!!!.

Андрей, [18.08.20 23:51]
[Forwarded from Андрей]
Кто твой создатель?

Андрей, [18.08.20 23:51]
[Forwarded from GBNLPBochBot]
Думаю, что вы имели в виду человека, да и подсказка в виде комментария под вопросом направила по этому следу. Вот с "созданный Создателем" я согласна, а с остальным - нет. Воля ваша, но "во всём свободный" и "свободный во все времена" - утопия чистой воды. Свободный в праве выбора добра и зла - да. Свободный в выборе профессии - нет (иногда денег не хватает на взятку, чтобы поступить туда, куда хочешь). Свободный в выборе спутника жизни - сегодня да, но не во все времена так было. Свободный во все времена - неграм на плантации, евреям в концлагерях и крепостным/колхозникам в России так не казалось. Свободный в выборе религии - не во всех странах, в Пакистане выбор христианства своей религией грозит смертной казнью (за год казнят около 2 000 христиан в этой стране). Свобода передвижений - не у всех..

Андрей, [18.08.20 23:51]
[Forwarded from Андрей]
Как тебе песни Егора Крида?

Андрей, [18.08.20 23:51]
[Forwarded from GBNLPBochBot]
Классные песни и она сама нечего.

Андрей, [18.08.20 23:51]
[Forwarded from Андрей]
Ты веришь в любовь?

Андрей, [18.08.20 23:51]
[Forwarded from GBNLPBochBot]
Не привыкайте никогда к любви...  И, главное, не верьте никогда,  Что будто всё проходит и уходит.  Да, звёзды меркнут, но одна звезда  По имени Любовь всегда-всегда  Обязана гореть на небосводе!   Не привыкайте никогда к любви,  Разменивая счастье на привычки,  Словно костёр на крохотные спички,  Не мелочись, а яростно живи!   Не привыкайте никогда к губам,  Что будто бы вам издавна знакомы,  Как не привыкнешь к солнцу и ветрам  Иль ливню средь грохочущего грома!   Да, в мелких чувствах можно вновь и вновь  Встречать, терять и снова возвращаться,  Но если вдруг вам выпала любовь,  Привыкнуть к ней - как обесцветить кровь  Иль до копейки разом проиграться!   Не привыкайте к счастью никогда!  Напротив, светлым озаряясь гореньем,  Смотрите на любовь свою всегда  С живым и постоянным удивленьем.   Алмаз не подчиняется годам  И никогда не обратится в малость.  Дивитесь же всегда тому, что вам  Заслужено иль нет - судить не нам,  Но счастье в мире всё-таки досталось!   И, чтоб любви не таяла звезда,  Исполнитесь возвышенным искусством: Не позволяйте выдыхаться чувствам,  Не привыкайте к счастью никогда.   Эдуард Асадов   .

Андрей, [18.08.20 23:51]
[Forwarded from Андрей]
Чувак, мне грустно

Андрей, [18.08.20 23:51]
[Forwarded from GBNLPBochBot]
Лучик!! ! Подойди к зеркалу и улыбнись. Грусть отступит. Ведь ты же - ЛУЧИК !!!:):):).

Андрей, [18.08.20 23:51]
[Forwarded from Андрей]
Ты умнее Алисы?

Андрей, [18.08.20 23:51]
[Forwarded from GBNLPBochBot]
И правда что... кому-то ведь нужно отличаться от остальных) Не будьте как все).
