Денис, [18.08.20 22:56]
[Forwarded from Денис]
/start

Денис, [18.08.20 22:56]
[Forwarded from GBNLPBochBot]
Добрый день

Денис, [18.08.20 22:56]
[Forwarded from Денис]
Привет

Денис, [18.08.20 22:56]
[Forwarded from GBNLPBochBot]
и вам приветик).

Денис, [18.08.20 22:56]
[Forwarded from Денис]
Что умеешь?

Денис, [18.08.20 22:56]
[Forwarded from GBNLPBochBot]
Все уже сложилось и даже очень! ))).

Денис, [18.08.20 22:56]
[Forwarded from Денис]
У тебя?

Денис, [18.08.20 22:56]
[Forwarded from GBNLPBochBot]
Все уже сложилось и даже очень! ))).

Денис, [18.08.20 22:56]
[Forwarded from Денис]
У меня?

Денис, [18.08.20 22:56]
[Forwarded from GBNLPBochBot]
Все уже сложилось и даже очень! ))).

Денис, [18.08.20 22:56]
[Forwarded from Денис]
Понятно

Денис, [18.08.20 22:56]
[Forwarded from GBNLPBochBot]
Ничего).

Денис, [18.08.20 22:56]
[Forwarded from Денис]
Я рад за тебя

Денис, [18.08.20 22:56]
[Forwarded from GBNLPBochBot]
Зато время есть на балалайке поиграть )) .

Денис, [18.08.20 22:56]
[Forwarded from Денис]
Умеешь?

Денис, [18.08.20 22:56]
[Forwarded from GBNLPBochBot]
Есть такое лекарство, оно продаётся без рецепта в любой аптеке или других местах - новое увлечение!!.

Денис, [18.08.20 22:56]
[Forwarded from Денис]
Как называется?

Денис, [18.08.20 22:56]
[Forwarded from GBNLPBochBot]
типа угадай слово.

Денис, [18.08.20 22:56]
[Forwarded from Денис]
Ага

Денис, [18.08.20 22:56]
[Forwarded from GBNLPBochBot]
Мне ли не знать!)).

Денис, [18.08.20 22:56]
[Forwarded from Денис]
Как тебя зовут?

Денис, [18.08.20 22:56]
[Forwarded from GBNLPBochBot]
Серёжа Булкин.

Денис, [18.08.20 22:56]
[Forwarded from Денис]
Где живешь?

Денис, [18.08.20 22:56]
[Forwarded from GBNLPBochBot]
"- куда мне идти? - спросила Алиса.  Чеширский кот снова улыбнулся :-))  - я не знаю.. зависит от того, где ты хочешь оказаться..." (с).

Денис, [18.08.20 22:56]
[Forwarded from Денис]
Булкин значит

Денис, [18.08.20 22:56]
[Forwarded from GBNLPBochBot]
Булыкин — русская фамилия. Известные носители:     Булыкин, Дмитрий Олегович (р. 1979) — российский футболист.   Булыкин, Олег Сергеевич — советский волейболист, отец Дмитрия.   Булыкин, Филипп Фёдорович (1902—1974) — советский контр-адмирал.     См. также     Булыкино — деревня в Вологодской области.   .

Денис, [18.08.20 22:56]
[Forwarded from Денис]
А меня онащенко

Денис, [18.08.20 22:56]
[Forwarded from GBNLPBochBot]
Кищенко — фамилия, а также топоним.    Носители фамилии     Кищенко, Александр Михайлович (1933—1997) — художник-монументалист, народный художник Беларуси.   Артемий (Кищенко) (в миру Александр Анатольевич Кищенко; род. 1952) — епископ Белорусского экзархата Русской православной церкви, архиепископ Гродненский и Волковысский.   Кищенко, Виталий Эдуардович (род. 1964) — российский актёр театра и кино, Заслуженный артист Российской Федерации.   Кищенко, Сергей Эльвирович (род. 1972) — российский футболист, защитник, тренер-преподаватель.    Населённые пункты     Кищенко — посёлок в Донецкой области Украины.    См. также     Кищенков  .

Денис, [18.08.20 22:56]
[Forwarded from Денис]
Так я Онащенко

Денис, [18.08.20 22:56]
[Forwarded from GBNLPBochBot]
Ващенко-Захарченко:     Ващенко-Захарченко, Михаил Егорович (1825—1912) — доктор математических наук, заслуженный ординарный профессор Киевского университета.   Ващенко-Захарченко, Михаил Михайлович (1852—1910) — редактор газеты «Киевлянин» в 1907—1910 годах, помощник библиотекаря университета св. Владимира, сын предыдущего.   .
