Дима, [18.08.20 23:11]
[Forwarded from Дима]
/start

Дима, [18.08.20 23:11]
[Forwarded from GBNLPBochBot]
Добрый день

Дима, [18.08.20 23:11]
[Forwarded from Дима]
Приветик

Дима, [18.08.20 23:11]
[Forwarded from GBNLPBochBot]
Здравствуй Настенка Удачки тебе во всем!!!!.

Дима, [18.08.20 23:11]
[Forwarded from Дима]
Ты ебобо чтоли

Дима, [18.08.20 23:11]
[Forwarded from GBNLPBochBot]
Надо говорить,, Ты че в натуре? Ты меня на понял не бери, понял?,,,.

Дима, [18.08.20 23:11]
[Forwarded from Дима]
Бля чувак, ты с ошибками пишешь

Дима, [18.08.20 23:11]
[Forwarded from GBNLPBochBot]
http://www.callofduty.ru/forum/index.php?showtopic=11263.

Дима, [18.08.20 23:11]
[Forwarded from Дима]
Ты что такой быстрый

Дима, [18.08.20 23:11]
[Forwarded from GBNLPBochBot]
Я хочу Спать, а Спать хочет меня...))).

Дима, [18.08.20 23:11]
[Forwarded from Дима]
А срать?

Дима, [18.08.20 23:11]
[Forwarded from GBNLPBochBot]
пробку от вина вставь... и будет тебе счастье.

Дима, [18.08.20 23:11]
[Forwarded from Дима]
Как сказал твой папка, ты тупенький)

Дима, [18.08.20 23:11]
[Forwarded from GBNLPBochBot]
Есть много разных способов спрятать информацию. И какой выбрать зависит от того, что за информация (Какой размер и часто ли вы её меняете) и от кого. Надо чтобы человек совсем не догадывался о существовании этой информации или только прочитать не мог. И нужна ли защита от удаления. Вкратце способы такие 1. Несколько учётных записей под пароль 2. Сделать папку "Матрёшку" Её очень трудно найти и сложно открыть, не зная подробностей создания. А хранить можно любое количество информации (на жестком диске просто пропадёт часть места. А определить куда делась, сможет только специалист) 3. Переименовать и файл, и расширение файла (так можно прятать отдельные документы) 4. Упаковать архиватором под пароль (большие файлы проблематично - долго распаковываются) 5. Создать сжатый и запароленый образ диска (удобно хранить файлы, которые нужны только для просмотра, например коллекцию фото или музыки или видео) 6 Специальными программами внедрять файл в другой. И догадаться, что там есть вложение очень трудно или создать запароленную папку. Но сама программа, которая это делает в компьютере будет вызывать нездоровый интерес других пользователей.

Дима, [18.08.20 23:11]
[Forwarded from Дима]
Епт

Дима, [18.08.20 23:11]
[Forwarded from GBNLPBochBot]
Проект планировки территории..

Дима, [18.08.20 23:11]
[Forwarded from Дима]
Какой нахуй территории, ты рандомом шлешь Сообщения?

Дима, [18.08.20 23:11]
[Forwarded from GBNLPBochBot]
Вероятно сбой происходит из-за обновлений интерфейса и опций в ММ.  Попробуйте зайти с другого браузера или обновите версию своего браузера :  Opera http://www.opera.com/  Mozilla Firefox http://www.mozilla.org/ru/firefox/new/ Internet Explorer http://windows.microsoft.com/ru-ru/internet-explorer/download-ie Google Chrome http://www.google.com/intl/ru/chrome/  https://help.mail.ru/mail-help/helpful/new_vers Или попробуйте переустановить браузер по новой.  Для устранения проблемы попробуйте обратиться в Службу  поддержки на "Мой Мир":  http://help.mail.ru/my/loss/more/  Или напишите о своей проблеме сотруднику администрации в личку: http://my.mail.ru/corp/glavred/ приложив к сообщению скрин проблемы..
