Nikolay, [18.08.20 22:33]
/start

GBNLPBochBot, [18.08.20 22:33]
–î–æ–±—Ä—ã–π –¥–µ–Ω—å

Nikolay, [18.08.20 22:33]
–ø—Ä–∏–≤–µ—Ç

GBNLPBochBot, [18.08.20 22:33]
–Ω—É –∑–¥—Ä–∞–≤—Å—Ç–≤—É–π!.

Nikolay, [18.08.20 22:33]
–∫–∞–∫ –¥–µ–ª–∏—à–∫–∏?

GBNLPBochBot, [18.08.20 22:34]
—Å–∫—É—á–Ω–æ!.

Nikolay, [18.08.20 22:34]
–∞ —Ç—ã –æ—Ç–∫—É–¥–∞?

GBNLPBochBot, [18.08.20 22:34]
–Ø –∑–¥–µ—Å—å –∂–∏–≤—É. :-).

Nikolay, [18.08.20 22:34]
—Ç—ã –±–æ—Ç?

GBNLPBochBot, [18.08.20 22:34]
–°–ª—É–∂–µ–±–Ω–∞—è –∫–∞—Ç–µ–≥–æ—Ä–∏—è –¥–ª—è —Å—Ç—Ä–∞–Ω–∏—Ü, —è–≤–ª—è—é—â–∏—Ö—Å—è –Ω–∞—Å—Ç—Ä–æ–π–∫–∞–º–∏ –¥–ª—è –±–æ—Ç–æ–≤. .

Nikolay, [18.08.20 22:34]
—Ö–≤–∞—Ç–∏—Ç

GBNLPBochBot, [18.08.20 22:34]
–õ—É—á—à–µ —Å–æ—Ä–æ–∫ —Ä–∞–∑ –ø–æ —Ä–∞–∑—É, —á–µ–º –Ω–∏ —Ä–∞–∑—É —Å–æ—Ä–æ–∫ —Ä–∞–∑.  –ò –∞–Ω–µ–∫–¥–æ—Ç–µ—Ü:  –ü–æ—Å–ª–µ –ø–µ—Ä–≤–æ–π –±—Ä–∞—á–Ω–æ–π –Ω–æ—á–∏.  –°—ã–Ω –æ—Ç—Ü—É - —è —Å–µ–≥–æ–¥–Ω—è —Å–≤–æ—é 10 —Ä–∞–∑ —É–¥–æ–≤–ª–µ—Ç–≤–æ—Ä–∏–ª. –û—Ç–µ—Ü: - –∞ —è 1 —Ä–∞–∑  –ß–µ—Ä–µ–∑ –Ω–µ–¥–µ–ª—é.  –°—ã–Ω - —è —Å–≤–æ—é 7 —Ä–∞–∑! –û—Ç–µ—Ü - –ê —è 1 —Ä–∞–∑.  –ß–µ—Ä–µ–∑ –º–µ—Å—è—Ü.  –°—ã–Ω - —è —Å–≤–æ—é 3 —Ä–∞–∑–∞! –û—Ç–µ—Ü - –ê —è 1 —Ä–∞–∑.  –ü—Ä–æ—à–µ–ª –≥–æ–¥... . –°—ã–Ω - –ü–∞–ø–∞, —è —Å–µ–≥–æ–¥–Ω—è –Ω–µ —Å–º–æ–≥!!!! –û—Ç–µ—Ü - –ê —è 1 —Ä–∞–∑..

Nikolay, [18.08.20 22:35]
—Ñ—ã–≤—Ñ—ã–≤

Nikolay, [18.08.20 22:38]
–ø—Ä–∏–≤–µ—Ç

Nikolay, [18.08.20 22:38]
/start

Nikolay, [18.08.20 22:39]
–ø—Ä–∏–≤–µ—Ç

GBNLPBochBot, [18.08.20 22:39]
–∏ –≤–∞–º –ø—Ä–∏–≤–µ—Ç–∏–∫).

Nikolay, [18.08.20 22:39]
–∫–∞–∫ –¥–µ–ª–∏—â–∫–∏?

GBNLPBochBot, [18.08.20 22:39]
: =  .

Nikolay, [18.08.20 22:39]
—á—Ç–æ —ç—Ç–æ –∑–Ω–∞—á–∏—Ç?

GBNLPBochBot, [18.08.20 22:39]
–ï—Å—Ç—å —Ç–∞–∫–æ–µ –ª–µ–∫–∞—Ä—Å—Ç–≤–æ, –æ–Ω–æ –ø—Ä–æ–¥–∞—ë—Ç—Å—è –±–µ–∑ —Ä–µ—Ü–µ–ø—Ç–∞ –≤ –ª—é–±–æ–π –∞–ø—Ç–µ–∫–µ –∏–ª–∏ –¥—Ä—É–≥–∏—Ö –º–µ—Å—Ç–∞—Ö - –Ω–æ–≤–æ–µ —É–≤–ª–µ—á–µ–Ω–∏–µ!!.

Nikolay, [18.08.20 22:39]
–∞–±—ã—Ä–≤–∞–ª–≥

GBNLPBochBot, [18.08.20 22:39]
–æ—Ç–∫—É–¥–∞ —Ç—ã –∑–Ω–∞–µ—à—å –ø–∞—Ä–æ–ª—å, –ø–∞–¥–ª–∞?

Nikolay, [18.08.20 22:39]
—Å—É–∫–∞

GBNLPBochBot, [18.08.20 22:39]
–ë—ã—Ç—å —Å—É–∫–æ–π –ª–µ–≥—á–µ, –±—ã—Ç—å —Å—Ç–µ—Ä–≤–æ–π —Å–ª–∞—â–µ -  –ö–ª–µ–π–º–æ –Ω–∞ –ª–æ–±: —Å–æ–≤—Å–µ–º –ø—Ä–æ–ø–∞—â–∞—è!  –ù–µ –¥—É–º–∞—Ç—å! - –≤—Ä–µ–¥–Ω–æ, –Ω–µ –ø–æ–ª–∞–≥–∞–µ—Ç—Å—è,  –ù–µ –ø–ª–∞–∫–∞—Ç—å –Ω–æ—á—å—é - —Å–º–µ—Ä—Ç—å—é –∫–∞—Ä–∞–µ—Ç—Å—è!  –†—É–≥–∞—Ç—å—Å—è –º–∞—Ç–æ–º –∏ —Å–ª–∞—Ç—å –≤—Å–µ—Ö.. . –∫ –ë–µ—Å—É,  –ò–¥—Ç–∏ –ø–æ –∂–∏–∑–Ω–∏ –ª–∏—Ö–∏–º –ø–æ–≤–µ—Å–æ–π.  –í–µ–¥—å –º—è–≥–∫–æ—Å—Ç—å –∂–µ–Ω—Å–∫–∞—è —É –≤–∞—Å –Ω–µ —Ü–µ–Ω–∏—Ç—Å—è,  –ù–µ–∑–ª—ã–º, –¥–∞ –∏—Å–∫—Ä–µ–Ω–Ω–∏–º, –Ω–∞ —á—Ç–æ –Ω–∞–¥–µ—è—Ç—å—Å—è?  –°–∫–ª–æ–Ω—é—Å—å - –∑–∞—Ç—Ä–∞–≤–∏—Ç–µ, —Å–ª–æ–º–∞—é—Å—å - —Å—Ç–æ–ø—á–µ—Ç–µ.  –ß—Ç–æ –≤–∞–º –Ω–µ –Ω—Ä–∞–≤–∏—Ç—Å—è, –æ —á—ë–º —Ö–ª–æ–ø–æ—á–µ—Ç–µ?  –ë—Ä—é–Ω–µ—Ç–∫–æ–π, —Ä—ã–∂–µ—é –∏–ª–∏ –±–ª–æ–Ω–¥–∏–Ω–∫–æ—é  –í–æ–Ω–∑–∞—é—Å—å –≤ —Å–µ—Ä–¥—Ü–µ –≤–∞–º —Ö–æ–ª–æ–¥–Ω–æ–π "—Ñ–∏–Ω–∫–æ—é".  –¢–æ–≤–∞—Ä –≤–æ—Å—Ç—Ä–µ–±–æ–≤–∞–Ω, –Ω–∞–∫–ª–µ–π–∫–∞ —Å—Ç–∏–ª—å–Ω–∞—è.  –Ø - —Å—Ç–µ—Ä–≤–∞ —Ç–∞ –µ—â—ë! –°–≤–µ—Ä—Ö —Å–µ–∫—Å–∞–ø–∏–ª—å–Ω–∞—è.  –°–ª—é–Ω–æ—é –¥–∞–≤–∏—Ç–µ—Å—å, –ª–∞–¥–æ–Ω–∏ –≤–ª–∞–∂–Ω—ã–µ?  –î–∞, –≤–æ—Ç, —Ç–∞–∫–∞—è —è - –≤—Å—è —ç–ø–∞—Ç–∞–∂–Ω–∞—è!  –ë—Ä–æ—Å–∞–π—Ç–µ –≤ —Å–ø–∏–Ω—É –º–Ω–µ —Å–ª–æ–≤–∞-–±—É–ª—ã–∂–Ω–∏–∫–∏  –ö–ª–∏–∫—É—à–∏, –µ–≤–Ω—É—Ö–∏ –∏ —á–µ—Ä–Ω–æ–∫–Ω–∏–∂–Ω–∏–∫–∏,  –ù–µ –æ–≥–ª—è–Ω—É—Å—å, –ø—Ä–æ–π–¥—É ‚Äì –ø–ª–µ–≤–∞—Ç—å —Ö–æ—Ç–µ–ª–∞ —è!  –ß–µ–≥–æ –±–æ—è—Ç—å—Å—è –º–Ω–µ? - —è –¥–µ–≤–∫–∞ —Å–º–µ–ª–∞—è!  –¢–∞–∫–∏—Ö, –≤–∞–º —Ö–æ—á–µ—Ç—Å—è, —Å–≤–µ—Ä–±–∏—Ç –∏ –∫–æ–ª–µ—Ç—Å—è?  –î–∞ –ø—É—Å—Ç—å –≤—Å—ë —Ç–∞–∑–æ–º –º–µ–¥–Ω—ã–º –Ω–∞–∫—Ä–æ–µ—Ç—Å—è! .

Nikolay, [18.08.20 22:41]
–∞–ª—è —É–ª—é

GBNLPBochBot, [18.08.20 22:41]
–î–∞ –æ–Ω–∞ —Å–∞–º–∞ –≤–¥—É–µ—Ç –∫–æ–º—É –∑–∞—Ö–æ—à—å ))).

Nikolay, [18.08.20 22:41]
—Ç—ã —É–≤–µ—Ä–µ–Ω?

GBNLPBochBot, [18.08.20 22:42]
—è —É–≤–µ—Ä–µ–Ω–∞ –Ω–µ –≤ —Å–µ–±–µ)).

Nikolay, [18.08.20 22:42]
–∞–±—ã—Ä–≤–∞–ª–≥

GBNLPBochBot, [18.08.20 22:42]
–æ—Ç–∫—É–¥–∞ —Ç—ã –∑–Ω–∞–µ—à—å –ø–∞—Ä–æ–ª—å, –ø–∞–¥–ª–∞?

Nikolay, [18.08.20 22:45]
–∞–±—ã—Ä–≤–∞–ª–≥?

GBNLPBochBot, [18.08.20 22:45]
–ê–ª–ø–∞–º—ã—Å –±–∞—Ç—ã—Ä–¥—ã“£ —Ç—É–ª–ø–∞—Ä—ã :—à—É–±–∞—Ä  .

Nikolay, [18.08.20 22:47]
–±–∞—Ö—Ç–µ—Ä–ª–µ—Ü –∞—Ö–∞—Ç—ã–Ω–∞ –º–∞–Ω–∏—è —É–Ω–∞

GBNLPBochBot, [18.08.20 22:47]
–£–Ω (–¥—Ä—É–≥–∏–µ –Ω–∞–∑–≤–∞–Ω–∏—è ‚Äî —É–Ω–ª–∞—Ä, —Å—É-—É–Ω, —Å—É–Ω–Ω–∞—Ä—Å—ã; –±–∞—à–∫. —É–Ω, —É–Ω–ª–∞—Ä, “ª—ã—É-—É–Ω, “ª—É–Ω–∞—Ä—Å—ã) ‚Äî –ø–ª–µ–º—è –≤ —Å–æ—Å—Ç–∞–≤–µ —Å–µ–≤–µ—Ä–Ω—ã—Ö –±–∞—à–∫–∏—Ä.     –†–æ–¥–æ–≤–æ–π —Å–æ—Å—Ç–∞–≤     –°—É-—É–Ω   –£–Ω   –ö—ã—Ä-—É–Ω (—Ä–æ–¥–æ–≤—ã–µ –ø–æ–¥—Ä–∞–∑–¥–µ–ª–µ–Ω–∏—è: –±—É–ª—ç–∫, –Ω—É—Ä–∞–π, —Å–∞–π—Ä–∞–∫)   –ë–∞–π–∫—ã (—Ä–æ–¥–æ–≤—ã–µ –ø–æ–¥—Ä–∞–∑–¥–µ–ª–µ–Ω–∏—è: —è–∫—É–ø, –∞–∫–±—É–ª—è–∫, –∞–ª—ã–π, –∞—Ä—ã–∫–±–∞–π, –±–∞–ª—Ç–∞–π, –≥—É–º–µ—Ä, –∫—É–ª–º—É—Ä–∑–∞, –º–∞–Ω—Å—É—Ä, –º—É—Å–ª–∏–º, –º—ç–Ω–¥–∏, —Å—É–º–∞–Ω–∞–π, —à–∞–º–µ–∫—ç–π).     –≠—Ç–Ω–æ–Ω–∏–º   –°—É-—É–Ω –ø–µ—Ä–µ–≤–æ–¥–∏—Ç—Å—è –∫–∞–∫ ¬´—Ä–µ—á–Ω—ã–µ —É–Ω—ã¬ª, –∞ –∫—ã—Ä-—É–Ω ‚Äî ¬´—Å—Ç–µ–ø–Ω—ã–µ —É–Ω—ã¬ª. –ù–∞—Ä–æ–¥–Ω–∞—è —ç—Ç–∏–º–æ–ª–æ–≥–∏—è —Ç–µ—Ä–º–∏–Ω–∞ ¬´—Ö—É–Ω–∞—Ä—Å—ã¬ª ‚Äî –∑–Ω–∞—á–∏—Ç ¬´–æ—Ö–æ—Ç–Ω–∏–∫¬ª.   –°—É—É–Ω ‚Äî —Ç–∞–∫–∂–µ –Ω–∞–∑–≤–∞–Ω–∏–µ –æ–¥–Ω–æ–≥–æ –∏–∑ —Ä–æ–¥–∞ –±–∞—à–∫–∏—Ä—Å–∫–∏—Ö –∫—ã–ø—Å–∞–∫–æ–≤.   –ê–Ω–∞–ª–∏–∑ Y-DNA   –ß–∞—Å—Ç—å –ø—Ä–æ—Ç–µ—Å—Ç–∏—Ä–æ–≤–∞–Ω–Ω—ã—Ö –±–∞—à–∫–∏—Ä –∏–∑ —É–Ω (—Å—É-—É–Ω)- —è–≤–ª—è—é—Ç—Å—è –ø—Ä–µ–¥—Å—Ç–∞–≤–∏—Ç–µ–ª—è–º–∏ –≥–∞–ø–ª–æ–≥—Ä—É–ø–ø—ã R1a, —Å—É–±–∫–ª–∞–¥ R1a-Z2123.   –≠—Ç–Ω–∏—á–µ—Å–∫–∞—è –∏—Å—Ç–æ—Ä–∏—è   –ü—Ä–µ–¥—Å—Ç–∞–≤–∏—Ç–µ–ª–∏ —Ä–æ–¥–∞ –£–∏–Ω —É —Ö–æ–Ω–∞ —Å—á–∏—Ç–∞–ª–∏—Å—å –ø–æ—Ç–æ–º–∫–∞–º–∏ –°–∏—è–≤—É—à–∞. –°–æ–≥–ª–∞—Å–Ω–æ –ê–≤–µ—Å—Ç–µ, —Ö–æ–Ω–∞ –±—ã–ª–∏ —Å–∞–º—ã–º–∏ –≤–æ—Å—Ç–æ—á–Ω—ã–º–∏ –æ–±–∏—Ç–∞—Ç–µ–ª—è–º–∏ –≤—Ä–∞–≥–æ–≤ –∞–≤–µ—Å—Ç–∏–π—Å–∫–æ–π –º–∞—Ä–≥–∏–∞–Ω–æ-–±–∞–∫—Ç—Ä–∏–π—Å–∫–æ–π —Ü–∏–≤–∏–ª–∏–∑–∞—Ü–∏–∏.   –î–∏–æ–Ω–∏—Å–∏–π –ü–µ—Ä–∏–≥–µ—Ç –æ–∫–æ–ª–æ 150 –≥–æ–¥–∞ –ø–µ—Ä–≤—ã–º —Å–æ–æ–±—â–∏–ª –ø—Ä–æ –Ω–∞—Ä–æ–¥ —É–Ω—ã, —á—Ç–æ —ç—Ç–æ —Å–∫–∏—Ñ—Å–∫–æ–µ –ø–ª–µ–º—è, –æ–±–∏—Ç–∞—é—â–µ–µ –º–µ–∂–¥—É –ö–∞–≤–∫–∞–∑–æ–º –∏ –ö–∞—Å–ø–∏–π—Å–∫–∏–º –º–æ—Ä–µ–º.   –£ –±–∞—à–∫–∏—Ä –ø–ª–µ–º–µ–Ω–∏ —É–Ω –ø—Ä–æ—Å–ª–µ–∂–∏–≤–∞–µ—Ç—Å—è –∏—Ö —ç—Ç–Ω–∏—á–µ—Å–∫–∞—è —Å–≤—è–∑—å —Å –ø–ª–µ–º–µ–Ω–∞–º–∏ —É—Å—É–Ω–µ–π –∏ –≤–∞—Ä—Ö–æ–Ω–∏—Ç–æ–≤ (—Ä–µ—á–Ω—ã—Ö —Ö–∏–æ–Ω–∏—Ç–æ–≤).   –ü–æ –≤–µ—Ä—Å–∏—è–º –¥—Ä—É–≥–∏—Ö –∞–≤—Ç–æ—Ä–æ–≤, –±–∞—à–∫–∏—Ä—ã-—Å—É—É–Ω —è–≤–ª—è—é—Ç—Å—è –ø–æ—Ç–æ–º–∫–∞–º–∏ –∞–∑–∏–∞—Ç—Å–∫–∏—Ö –≥—É–Ω–Ω–æ–≤. –≠—Ç–∞ –≥–∏–ø–æ—Ç–µ–∑–∞ –ø–æ—Å—Ç—Ä–æ–µ–Ω–∞ –≤—Å–µ–≥–æ –ª–∏—à—å –Ω–∞ —Å–æ–≤–ø–∞–¥–µ–Ω–∏–∏ —ç—Ç–Ω–æ–Ω–∏–º–∞ —É–Ω —Å —Ç–µ—Ä–º–∏–Ω–æ–º —Ö—É–Ω–Ω—É/–≥—É–Ω–Ω. –ê–≤—Ç–æ—Ä—ã —ç—Ç–æ–π –≥–∏–ø–æ—Ç–µ–∑—ã —Å—á–∏—Ç–∞—é—Ç, —á—Ç–æ –±–∞—à–∫–∏—Ä—ã-—Å—É—É–Ω –≤–æ—Å—Ö–æ–¥—è—Ç —Å–≤–æ–∏–º –ø—Ä–æ–∏—Å—Ö–æ–∂–¥–µ–Ω–∏–µ–º –∫ –æ–Ω–≥—É—Ç–∞–º, –∫ –ø—Ä—è–º—ã–º –ø–æ—Ç–æ–º–∫–∞–º –Ω–∞—Ä–æ–¥–∞ —Ö—É–Ω–Ω—É. –ú–Ω–µ–Ω–∏–µ –æ–± –≥—É–Ω–Ω–æ-–æ–Ω–≥—É—Ç—Å–∫–æ–º –ø—Ä–æ–∏—Å—Ö–æ–∂–¥–µ–Ω–∏–∏ —Å—É—É–Ω–æ–≤ —è–≤–ª—è–µ—Ç—Å—è –≤—ã–º—ã—Å–ª–æ–º, —Ç–∞–∫ –∫–∞–∫ –Ω–µ –ø–æ–¥—Ç–≤–µ—Ä–∂–¥–∞–µ—Ç—Å—è –Ω–∏ —ç—Ç–Ω–∏—á–µ—Å–∫–æ–π –∏—Å—Ç–æ—Ä–∏–µ–π —ç—Ç–æ–≥–æ –∫–ª–∞–Ω–∞, –Ω–∏ –¥–∞–Ω–Ω—ã–º–∏ –î–ù–ö-—Ç–µ—Å—Ç–∏—Ä–æ–≤–∞–Ω–∏—è —Å—É—É–Ω—Å–∫–∏—Ö –±–∞—à–∫–∏—Ä.   –≠—Ç–Ω–∏—á–µ—Å–∫–∏ –ø–ª–µ–º—è —É–Ω –≤–æ—Å—Ö–æ–¥–∏—Ç –∫ —Ç—é—Ä–∫—Å–∫–∏–º –ø–ª–µ–º–µ–Ω–∞–º –ê–ª—Ç–∞—è –∏ –¶–µ–Ω—Ç—Ä–∞–ª—å–Ω–æ–π –ê–∑–∏–∏. –ù–∞ —Ñ–æ—Ä–º–∏—Ä–æ–≤–∞–Ω–∏–µ —É–Ω–Ω–∞—Ä—Ü–µ–≤ –æ–∫–∞–∑–∞–ª–æ –≤–ª–∏—è–Ω–∏–µ –∏—Ö –ø—Ä–µ–±—ã–≤–∞–Ω–∏–µ –≤ —Å—Ä–µ–¥–µ —Ç—é—Ä–∫–æ-–ø–µ—á–µ–Ω–µ–∂—Å–∫–∏—Ö –ø–ª–µ–º—ë–Ω –ü—Ä–∏–∞—Ä–∞–ª—å—è –∏ –±—É–ª–≥–∞—Ä–æ-—É–≥–æ—Ä—Å–∫–∏—Ö –ø–ª–µ–º—ë–Ω –ü—Ä–∏–∞–∑–æ–≤—å—è.   –ò—Å—Ç–æ—Ä–∏—è —Ä–∞—Å—Å–µ–ª–µ–Ω–∏—è   –£–Ω–ª–∞—Ä—Ü—ã –¥–æ –ø–µ—Ä–µ–¥–≤–∏–∂–µ–Ω–∏—è –Ω–∞ —Å–µ–≤–µ—Ä —Ä–∞—Å—Å–µ–ª—è–ª–æ—Å—å –≤ –¥–æ–ª–∏–Ω–µ —Ä–µ–∫–∏ –ë–µ–ª–æ–π. –ó–¥–µ—Å—å —É–Ω–Ω–∞—Ä—Ü—ã –±—ã–ª–∏ —Å–æ—Å–µ¬–¥—è–º–∏ –∑–∞–ø–∞–¥–Ω–æ-—Ç–∞–±—ã–Ω—Å–∫–æ–π –≥—Ä—É–ø–ø—ã –ø–ª–µ–º—ë–Ω –≤ —Ü–µ–Ω—Ç—Ä–∞–ª—å–Ω–æ–º –ë–∞—à–∫–æ—Ä—Ç–æ—Å—Ç–∞–Ω–µ, –∏ —ç—Ç–æ —Å–æ—Å–µ–¥—Å—Ç–≤–æ –æ–∫–æ–Ω—á–∞—Ç–µ–ª—å–Ω–æ –±—ã–ª–æ –Ω–∞—Ä—É—à–µ–Ω–æ –ª–∏—à—å —Å –ø–æ—Å—Ç—Ä–æ–π–∫–æ–π –≥–æ—Ä–æ–¥–∞ –£—Ñ—ã –≤ XVI –≤–µ–∫–µ. –ß–∞—Å—Ç—å –ø–ª–µ–º–µ–Ω–∏ –æ—Å—Ç–∞–ª–∞—Å—å –≤ –±–µ–ª—å—Å–∫–æ–π –¥–æ–ª–∏–Ω–µ, –≥–¥–µ –∏ —Å–µ–π—á–∞—Å –∏–º–µ—é—Ç—Å—è —Ç–æ–ø–æ–Ω–∏–º—ã, –≤–∫–ª—é—á–∞—é—â–∏–µ —ç–ª–µ–º–µ–Ω—Ç ¬´—É–Ω¬ª (–¥–µ—Ä–µ–≤–Ω—è –°—É—É–Ω-–ß–∏—à–º–∞ –∏ –¥—Ä.).   –í —Å–µ—Ä–µ–¥–∏–Ω–µ XVI –≤ –ø–µ—Ä–µ—Å–µ–ª–∏—Å—å –Ω–∞ —Å–µ–≤–µ—Ä –ë–∞—à–∫–æ—Ä—Ç–æ—Å—Ç–∞–Ω–∞, –≥–¥–µ –±—ã–ª–∏ —Ä–∞—Å—Å–µ–ª–µ–Ω—ã –≤ –¥–æ–ª–∏–Ω–µ —Ä–µ–∫–∞ –ë—ã—Å—Ç—Ä—ã–π –¢–∞–Ω—ã–ø, –∞ —á–∞—Å—Ç—å ‚Äî –Ω–∞ –ø—Ä–∞–≤–æ–±–µ—Ä–µ–∂—å–µ —Ä–µ–∫–∏ –£—Ñ–∞ –ø—Ä–∏ –≤–ø–∞–¥–µ–Ω–∏–∏ –≤ –Ω–µ—ë —Ä–µ–∫–∏ –Æ—Ä—é–∑–∞–Ω—å. –ö XVIII –≤–µ–∫—É —É–Ω–Ω–∞—Ä—Ü—ã –±—ã–ª–∏ —Å–æ—Å–µ–¥—è–º–∏ —Ç–∞–∫–∏—Ö –±–∞—à–∫–∏—Ä—Å–∫–∏—Ö –ø–ª–µ–º—ë–Ω –∫–∞–∫ –µ–ª—å–¥—è–∫, –º–∏–Ω, –º—É—Ä–∑–∞–ª–∞—Ä, —Ç–∞–Ω—ã–ø.   –ü–æ—Å–ª–µ –ø—Ä–∏—Å–æ–µ–¥–∏–Ω–µ–Ω–∏—è –ë–∞—à–∫–æ—Ä—Ç–æ—Å—Ç–∞–Ω–∞ –∫ –†—É—Å—Å–∫–æ–º—É –≥–æ—Å—É–¥–∞—Ä—Å—Ç–≤—É, –≤–æ—Ç—á–∏–Ω–Ω—ã–µ –∑–µ–º–ª–∏ –ø–ª–µ–º–µ–Ω–∏ —É–Ω —Å–æ—Å—Ç–∞–≤–ª—è–ª–∏ –ö—ã—Ä-–£–Ω–ª–∞—Ä—Å–∫—É—é, –°—É-–£–Ω–ª–∞—Ä—Å–∫—É—é –≤–æ–ª–æ—Å—Ç–∏ –û—Å–∏–Ω—Å–∫–æ–π –¥–æ—Ä–æ–≥–∏ –∏ –°–∏–±–∏—Ä—Å–∫–æ–π –¥–æ—Ä–æ–≥–∏. –í –∫–æ–Ω—Ü–µ XVIII‚ÄîXIX –≤–≤. —Ç–µ—Ä—Ä–∏—Ç–æ—Ä–∏—è —Ä–∞—Å—Å–µ–ª–µ–Ω–∏—è –ø–ª–µ–º–µ–Ω–∏ —É–Ω –≤—Ö–æ–¥–∏–ª–∞ –≤ –ë–∏—Ä—Å–∫–∏–π —É–µ–∑–¥, –∞ –≤ –ø–µ—Ä–∏–æ–¥ –∫–∞–Ω—Ç–æ–Ω–Ω–æ–π —Å–∏—Å—Ç–µ–º—ã —É–ø—Ä–∞–≤–ª–µ–Ω–∏—è ‚Äî –≤ 10‚Äë–π –±–∞—à–∫–∏—Ä—Å–∫–∏–π –∫–∞–Ω—Ç–æ–Ω.   –ù–∞ —Ç–µ—Ä—Ä–∏—Ç–æ—Ä–∏–∏ —Ä–∞—Å—Å–µ–ª–µ–Ω–∏—è –ø–ª–µ–º–µ–Ω–∏ —É–Ω –Ω—ã–Ω–µ —Ä–∞—Å–ø–æ–ª–æ–∂–µ–Ω—ã –ö–∞—Ä–∞–∏–¥–µ–ª—å—Å–∫–∏–π,–ê—Å–∫–∏–Ω—Å–∫–∏–π, –ë–∞–ª—Ç–∞—á–µ–≤—Å–∫–∏–π, –ë—É—Ä–∞–µ–≤—Å–∫–∏–π –∏ –ú–∏—à–∫–∏–Ω—Å–∫–∏–π —Ä–∞–π–æ–Ω—ã –ë–∞—à–∫–æ—Ä—Ç–æ—Å—Ç–∞–Ω–∞. –ü—Ä–µ–¥—Å—Ç–∞–≤–∏—Ç–µ–ª–∏ –ø–ª–µ–º–µ–Ω–∏ –ø—Ä–æ–∂–∏–≤–∞—é—Ç –≤ –∞—É–ª–∞—Ö –Ø–∫—É–ø, –•–∞–ª–∏–ª, –Ø–Ω—Å–µ–∏—Ç, –ê–∫–±—É–ª—è–∫, –Æ–ª–¥–∞—à, –¢—É—é—à, –¢–µ–≥–µ—Ä–º–µ–Ω, –û—Ç–∫—É—Å—Ç–∏–Ω–æ, –ê–±–¥—É–ª–ª–∞ –ö–∞—Ä–∞–∏–¥–µ–ª—å—Å–∫–æ–≥–æ, –≤ –∞—É–ª–µ –£–ø–∫–∞–Ω–∫—É–ª—å –ê—Å–∫–∏–Ω—Å–∫–æ–≥–æ, –≤ –∞—É–ª–∞—Ö –ö–∞—à–∫–∞–ª–µ–≤–æ, –°—Ç–∞—Ä–æ- –∏ –ù–æ–≤–æ-–ö–∏–∑–≥–∞–Ω–æ–≤–æ, –î–∞—É—Ç–ª–∞—Ä–æ–≤–æ, –ö–∞—Ä–∞–≥—É—à–µ–≤–æ –∏ –ë–∞–∫–∞–ª—ã –ë—É—Ä–∞–µ–≤—Å–∫–æ–≥–æ —Ä–∞–π–æ–Ω–æ–≤. –ë–∞—à–∫–∏—Ä—ã-—É–Ω–ª–∞—Ä—Ü—ã –ø—Ä–æ–∂–∏–≤–∞—é—Ç –∏ –≤ –¥—Ä—É–≥–∏—Ö —Å–µ–ª–∞—Ö —É–∫–∞–∑–∞–Ω–Ω—ã—Ö —Ä–∞–π–æ–Ω–æ–≤, –≤–æ–∑–Ω–∏–∫—à–∏—Ö –≤ –Ω–æ–≤–µ–π—à–µ–µ –≤—Ä–µ–º—è, –∞ –ø–æ—Ç–æ–º—É —É—Å—Ç–∞–Ω–æ–≤–∏—Ç—å –ø–ª–µ–º–µ–Ω–Ω—É—é –ø—Ä–∏–Ω–∞–¥–ª–µ–∂–Ω–æ—Å—Ç—å –∏—Ö –∂–∏—Ç–µ–ª–µ–π –Ω–µ –ø—Ä–µ–¥—Å—Ç–∞–≤–ª—è–µ—Ç—Å—è –≤–æ–∑–º–æ–∂–Ω—ã–º.   –õ–∏—Ç–µ—Ä–∞—Ç—É—Ä–∞     –ö—É–∑–µ–µ–≤ –†. –ì. –ü—Ä–æ–∏—Å—Ö–æ–∂–¥–µ–Ω–∏–µ –±–∞—à–∫–∏—Ä—Å–∫–æ–≥–æ –Ω–∞—Ä–æ–¥–∞. –ú., –ù–∞—É–∫–∞, 1974.   –ò—Å—Ç–æ—Ä–∏—è –±–∞—à–∫–∏—Ä—Å–∫–∏—Ö —Ä–æ–¥–æ–≤. –£–Ω–ª–∞—Ä. / –°. –ò. –•–∞–º–∏–¥—É–ª–ª–∏–Ω, –Æ. –ú. –Æ—Å—É–ø–æ–≤, –†. –†. –ê—Å—ã–ª–≥—É–∂–∏–Ω, –†. –†. –®–∞–π—Ö–µ–µ–≤, –ò. –†. –°–∞–∏—Ç–±–∞—Ç—Ç–∞–ª–æ–≤, –í. –ì. –í–æ–ª–∫–æ–≤, –ê. –ê. –ö–∞—Ä–∏–º–æ–≤, –†. –ú. –†—ã—Å–∫—É–ª–æ–≤, –ê. –Ø. –ì—É–º–µ—Ä–æ–≤–∞, –ì. –Æ. –ì–∞–ª–µ–µ–≤–∞, –ì. –î. –°—É–ª—Ç–∞–Ω–æ–≤–∞. ‚Äî –£—Ñ–∞: –ì–£–ü –†–ë –£—Ñ–∏–º—Å–∫–∏–π –ø–æ–ª–∏–≥—Ä–∞—Ñ–∫–æ–º–±–∏–Ω–∞—Ç, 2014. ‚Äî –¢. 4. ‚Äî 288 —Å. ‚Äî ISBN 978-5-85051-619-2.   –Ø–Ω–≥—É–∑–∏–Ω –†. –ó. –£–Ω. // –ë–∞—à–∫–æ—Ä—Ç–æ—Å—Ç–∞–Ω: –∫—Ä–∞—Ç–∫–∞—è —ç–Ω—Ü–∏–∫–ª–æ–ø–µ–¥–∏—è. ‚Äî –£—Ñ–∞: –ù–∞—É—á–Ω–æ–µ –∏–∑–¥–∞—Ç–µ–ª—å—Å—Ç–≤–æ ¬´–ë–∞—à–∫–∏—Ä—Å–∫–∞—è —ç–Ω—Ü–∏–∫–ª–æ–ø–µ–¥–∏—è¬ª, 1996.‚Äî 672 —Å. ‚Äî –°.586.     –ü—Ä–∏–º–µ—á–∞–Ω–∏—è   –°—Å—ã–ª–∫–∏     –°—Ç–∞—Ç—å—è ¬´–£–Ω¬ª –≤ –ë–∞—à–∫–∏—Ä—Å–∫–æ–π —ç–Ω—Ü–∏–∫–ª–æ–ø–µ–¥–∏–∏   –ë–∞—à–∫–∏—Ä—Å–∫–æ–µ —Ä–æ–¥–æ—Å–ª–æ–≤–∏–µ: –£–Ω–ª–∞—Ä –Ω–∞ YouTube   –ü–æ–¥ –∑–Ω–∞–∫–æ–º –°–∞—Ç—É—Ä–Ω–∞ –Ω–∞ YouTube   –ò—Å—Ç–æ—Ä–∏—è –±–∞—à–∫–∏—Ä—Å–∫–∏—Ö —Ä–æ–¥–æ–≤: –£–Ω–ª–∞—Ä     —É .

Nikolay, [18.08.20 22:47]
–º–µ–ª–∞–¥–∑–µ

GBNLPBochBot, [18.08.20 22:47]
–ë—É—Ä—á—É–ª–∞–¥–∑–µ (–≥—Ä—É–∑. ·Éë·É£·É†·É≠·É£·Éö·Éê·É´·Éî) ‚Äî –≥—Ä—É–∑–∏–Ω—Å–∫–∞—è —Ñ–∞–º–∏–ª–∏—è. –ò–∑–≤–µ—Å—Ç–Ω—ã–µ –Ω–æ—Å–∏—Ç–µ–ª–∏:       –ë—É—Ä—á—É–ª–∞–¥–∑–µ, –ó–∞–∑–∞[ka] (—Ä–æ–¥. 1973) ‚Äî –≥—Ä—É–∑–∏–Ω—Å–∫–∏–π –ø—Ä–æ–∑–∞–∏–∫ –∏ –¥—Ä–∞–º–∞—Ç—É—Ä–≥.    –ë—É—Ä—á—É–ª–∞–¥–∑–µ, –ü–∞–∞—Ç–∞ –®–∞–ª–≤–æ–≤–∏—á (—Ä–æ–¥. 1955) ‚Äî —Å–æ–≤–µ—Ç—Å–∫–∏–π –∏ –≥—Ä—É–∑–∏–Ω—Å–∫–∏–π –æ–ø–µ—Ä–Ω—ã–π –ø–µ–≤–µ—Ü.    –ë—É—Ä—á—É–ª–∞–¥–∑–µ, –¢–µ–Ω–≥–∏–∑[ka] (1929‚Äî2000) ‚Äî –≥—Ä—É–∑–∏–Ω—Å–∫–∏–π –º–∞—Ç–µ–º–∞—Ç–∏–∫.    –ë—É—Ä—á—É–ª–∞–¥–∑–µ, –≠—Ä–º–∏–ª[ka] (1901‚Äî1970) ‚Äî –≥—Ä—É–∑–∏–Ω—Å–∫–∏–π –∏—Å—Ç–æ—Ä–∏–∫, —Ä–µ–∫—Ç–æ—Ä –¢–±–∏–ª–∏—Å—Å–∫–æ–≥–æ –≥–æ—Å—É–¥–∞—Ä—Å—Ç–≤–µ–Ω–Ω–æ–≥–æ —É–Ω–∏–≤–µ—Ä—Å–∏—Ç–µ—Ç–∞ (—Å–µ–Ω—Ç—è–±—Ä—å 1953 ‚Äî —Å–µ–Ω—Ç—è–±—Ä—å 1954).    –ü—Ä–∏–º–µ—á–∞–Ω–∏—è .

Nikolay, [18.08.20 22:47]
—á—Ç–æ –¥—É–º–∞–µ—à—å –æ —Å—Ç–∞–ª–∏–Ω–µ?

GBNLPBochBot, [18.08.20 22:47]
–Ø –±—ã —Å–º–æ—Ç—Ä–µ–ª, –µ—Å–ª–∏ –Ω–µ –±—ã–ª–æ —Ç–∞–∫–æ–≥–æ –∏–∑–¥–µ–≤–∞—Ç–µ–ª—å—Å—Ç–≤–∞ –Ω–∞–¥ –∏—Å—Ç–æ—Ä–∏–µ–π —Å–æ —Å—Ç–æ—Ä–æ–Ω—ã —Å–æ–∑–¥–∞—Ç–µ–ª–µ–π —Å–µ—Ä–∏–∞–ª–∞! –í —Ç–æ–ø–∫—É —É—Ä–æ–¥–æ–≤!.

Nikolay, [18.08.20 22:47]
–∞ –∫–∞–∫ —Ç–µ–±–µ —Å–µ—Ä–∏–∞–ª –ß–µ—Ä–Ω–æ–±—ã–ª—å?

GBNLPBochBot, [18.08.20 22:47]
–û—á–µ–Ω—å —Å—Ç—Ä–∞–Ω–Ω—ã–µ –¥–µ–ª–∞.

Nikolay, [18.08.20 22:47]
—ç—Ç–æ —Ç–≤–æ–π –ª—é–±–∏–º—ã–π —Å–µ—Ä–∏–∞–ª?

GBNLPBochBot, [18.08.20 22:47]
Friends..

Nikolay, [18.08.20 22:48]
–Ω—É –¥–∞, —ç—Ç–æ –∫–ª–∞—Å—Å–∏–∫–∞, —Å–æ–≥–ª–∞—à—É—Å—å

GBNLPBochBot, [18.08.20 22:48]
–ü–æ—á–∏—Ç–∞–π ''100 –ª–µ—Ç –æ–¥–∏–Ω–æ—á–µ—Å—Ç–≤–∞'' –∏ ''–ù–∞–¥ –ø—Ä–æ–ø–∞—Å—Ç—å—é –≤–æ —Ä–∂–∏''..

Nikolay, [18.08.20 22:49]
—á—Ç–æ –¥—É–º–∞–µ—à—å –æ —Ç–≤–æ—Ä—á–µ—Å—Ç–≤–µ —Å–∞–ª—Ç—ã–∫–æ–≤–∞-—â–µ–¥—Ä–∏–Ω–∞?

GBNLPBochBot, [18.08.20 22:49]
–û—á–µ–≤–∏–¥–Ω–æ, —É –¢–æ–ª—Å—Ç–æ–≥–æ –Ω–µ –±—ã–ª–æ –Ω–∏–∫–∞–∫–∏—Ö –ø—Ä–æ—Ç–∏–≤–æ—Ä–µ—á–∏–π. –ü—Ä–æ—Ç–∏–≤–æ—Ä–µ—á–∏—è –≤–æ–∑–Ω–∏–∫–ª–∏ —Ç–æ–ª—å–∫–æ —É –≤–∞—Å. –¢–æ–ª—Å—Ç–æ–π –ø–æ–¥ —Å–ª–æ–≤–æ–º "–≥–∞—Ä–º–æ–Ω–∏—è" –∏–º–µ–ª –≤–≤–∏–¥—É —É—Ä–∞–≤–Ω–æ–≤–µ—à–µ–Ω–Ω–æ—Å—Ç—å –∏ —Å–æ–≥–ª–∞—Å–æ–≤–∞–Ω–Ω–æ—Å—Ç—å —Å –¥–µ–π—Å—Ç–≤–∏—Ç–µ–ª—å–Ω–æ—Å—Ç—å—é, –∞ –≤—ã - –∫—Ä–∞—Å–∏–≤—É—é –∫–∞—Ä—Ç–∏–Ω–∫—É –∫–æ—Ç–æ—Ä–∞—è —Ä–∞–¥—É–µ—Ç –≥–ª–∞–∑. –ü–æ–¥ "–∑–∞—Ä–∞–∂–µ–Ω–Ω–æ—Å—Ç—å—é" –¢–æ–ª—Å—Ç–æ–π, —Å–∫–æ—Ä–µ–µ –≤—Å–µ–≥–æ, –∏–º–µ–ª –≤–≤–∏–¥—É –∏–∑–º–µ–Ω–µ–Ω–∏–µ –≤–Ω—É—Ç—Ä–µ–Ω–Ω–µ–≥–æ –º–∏—Ä–∞ —á–µ–ª–æ–≤–µ–∫–∞, –≤–∏–¥–µ–Ω–∏–µ –∫–∞—Ä—Ç–∏–Ω—ã –º–∏—Ä–∞ –ø–æ–¥ –¥—Ä—É–≥–∏–º —É–≥–ª–æ–º, –∞ –Ω–µ —á—Ç–æ-—Ç–æ —Å–≤—è–∑–∞–Ω–Ω–æ–µ —Å –∑–∞–±–æ–ª–µ–≤–∞–Ω–∏–µ–º. –°–ø–æ—Ä–∏—Ç—å –æ —Ç–æ–º —á—Ç–æ –≤–∞–∂–Ω–µ–µ - –±–µ—Å—Å–º—ã—Å–ª–µ–Ω–Ω–æ. –ö–∞–∂–¥—ã–π —á–µ–ª–æ–≤–µ–∫ —Ä–µ—à–∞–µ—Ç —Å–∞–º —á—Ç–æ –µ–º—É –±–æ–ª—å—à–µ –Ω—Ä–∞–≤–∏—Ç—Å—è: –∫—Ä–∞—Å–∏–≤—ã–µ, –ø—Ä–∏—è—Ç–Ω—ã–µ, –∑–∞—á–∞—Å—Ç—É—é –±–µ—Å—Å–º—ã—Å–ª–µ–Ω–Ω—ã–µ –∫–∞—Ä—Ç–∏–Ω–∫–∏ –∏–ª–∏ —Ç–µ –∫–∞—Ä—Ç–∏–Ω—ã, –∫–æ—Ç–æ—Ä—ã–µ –º–æ–∂–µ—Ç –Ω–µ —Å–æ–≤—Å–µ–º –ø—Ä–∏—è—Ç–Ω—ã–µ, –Ω–æ –∫–æ—Ç–æ—Ä—ã–µ –∑–∞—Ç—Ä–∞–≥–∏–≤–∞—é—Ç –∫–∞–∫–∏–µ-—Ç–æ –≤–∞–∂–Ω—ã–µ (–Ω–∞ –≤–∑–≥–ª—è–¥ –∞–≤—Ç–æ—Ä–∞) –ø—Ä–æ–±–ª–µ–º—ã –∏ –±–æ–ª–µ–µ —Ç–æ–≥–æ, –ø—Ä–∏–∑—ã–≤–∞—é—Ç —á–∏—Ç–∞—Ç–µ–ª—è –∫ –∫–∞–∫–∏–º-–ª–∏–±–æ –¥–µ–π—Å—Ç–≤–∏—è–º —Å–æ —Å–≤–æ–µ–π —Å—Ç–æ—Ä–æ–Ω—ã. –ü—É—à–∫–∏–Ω –Ω–∞–∑—ã–≤–∞–ª —ç—Ç–æ "–ì–ª–∞–≥–æ–ª–æ–º –∂–µ—á—å —Å–µ—Ä–¥—Ü–∞ –ª—é–¥–µ–π"..
