Вадим, [18.08.20 23:15]
[Forwarded from Вадим]
/start

Вадим, [18.08.20 23:15]
[Forwarded from GBNLPBochBot]
Добрый день

Вадим, [18.08.20 23:15]
[Forwarded from Вадим]
добрый день

Вадим, [18.08.20 23:15]
[Forwarded from GBNLPBochBot]
будьте тем, кем хотите Вы... .  это - Ваш выбор... и только Ваш... .  а понятия - зачем, почему и прочия - столь ли важны?.

Вадим, [18.08.20 23:15]
[Forwarded from Вадим]
Какой курс доллара

Вадим, [18.08.20 23:15]
[Forwarded from GBNLPBochBot]
Каких тугриков? Монгольских?  Курс монгольский тугрик (MNT) к доллару (USD) на 05/08/2013 г. по данным ЦБ РФ:  1 монгольский тугрик (MNT) равняется 0.00067 (USD).  таким образом 1'000 MNT = 0.67 USD, т. е. 67 центов США.

Вадим, [18.08.20 23:15]
[Forwarded from Вадим]
Не верно

Вадим, [18.08.20 23:15]
[Forwarded from GBNLPBochBot]
не все, что позволено Сеньке, позволено Хуану.

Вадим, [18.08.20 23:15]
[Forwarded from Вадим]
Где я сейчас нахожусь

Вадим, [18.08.20 23:15]
[Forwarded from GBNLPBochBot]
рай?.

Вадим, [18.08.20 23:15]
[Forwarded from Вадим]
В какой стране ?

Вадим, [18.08.20 23:15]
[Forwarded from GBNLPBochBot]
Городской аквариум в Милане (Acquario Civico) Италия        Адрес:  Viale G. B. Gadio, 2  Время работы:  вт-вс. : 9.00-17.30, перерыв: 13.00-14.00  Бюджет:  Бесплатно  Сайт:  www.acquariocivicomilano.eu/    Небольшое элегантное здание Acquario Civico, построенное в начале XX века, расположено в любимом миланцами парке Семпионе (parco Sempione ( http://it.wikipedia.org/wiki/Parco_Sempione_(Milano) . Уютный музей можно без труда обойти за двадцать минут.    Аквариум Милана был построен перед Всемирной Выставкой, которая прошла в 1906 году в Милане .         В 36 резервуарах Аквариума содержится около 100 видов морской и речной фауны характерной для рек Италии и морей, омывающих ее побережья.    Само здание Аквариума выполнено в стиле модерн. Его украшают статуи морских животных, над которыми возвышается статуя Нептуна работы Оресте Лабо.         В библиотеке аквариума собрана крупнейшая в Италии коллекция книг по ихтиологии и биологии моря. Однако туристов привлекает, в первую очередь, сам аквариум, где обитает более сотни видов морских обитателей. Увидеть воочию обитателей морских глубин, — что может быть интереснее!  Здесь же работает исследовательская гидробиологическая станция. Назначение миланского Аквариума — не только развлечь, но и обучить. Здесь проходят лекции и семинары, разнообразные дидактические мероприятия. Часто сотрудники Аквариума устраивают «открытые дни» для школьников и учителей. Учебным классам и залам для временных выставок и мероприятий отведен весь первый этаж здания.    .

Вадим, [18.08.20 23:15]
[Forwarded from Вадим]
Я хочу развестись, что делать ?)

Вадим, [18.08.20 23:15]
[Forwarded from GBNLPBochBot]
будем жить так, как жили до того, как начали делать то, что делаем.

Вадим, [18.08.20 23:15]
[Forwarded from Вадим]
Какую машину выбрать ?

Вадим, [18.08.20 23:15]
[Forwarded from GBNLPBochBot]
1    Самый главный момент, который необходимо учитывать при покупке динамиков – это возможность установить их в вашем автомобиле. Узнать об этом можно в инструкции, которую вы получаете в комплекте с автомобилем. В том случае, если вы не нашли необходимую информацию, то большинство специализированных магазинов могут предложить вам собственные каталоги, которые помогут вам определиться. Помните о том, что при выборе размера динамика, необходимо обратить внимание не только на ширину, но и на глубину.         2    Следующее, что нужно проверить – это качество звука. Причем необходимо руководствоваться не громкостью звучания, а тем, можете ли вы уловить каждый инструмент и голос в прослушиваемой композиции. Динамики лучше всего проверить сразу в магазине, во многих салонах такая функция предусмотрена.         3    После этого можно переходить к частотным характеристикам. Убедитесь в том, что выбранные динамики могут воспроизводить низкие частоты – 60-70 Гц позволят вам насладиться качественным и приятным звуком.         4    Выходная мощность или производительность влияет на количество звука, который может воспроизводить определенный динамик на 1Вт энергии. В случае автомобильных колонок указываются лишь предельная и средняя мощность. Например, если ваша автомагнитола имеет параметр 50Вт х4, то это предельная мощность. Убедитесь в том, что выбранные динамики обладают высокими характеристиками в децибелах – это важнейший параметр, определяющий выходную мощность.         5    Любые динамики воспроизводят звук в обоих направлениях, поэтому не лишним будет установить амортизацию колебаний (демпфирование). Это позволит вам существенно улучшить качество звучания. При демпфировании используются специальные материалы, которые уменьшают дребезжание, вибрацию, резонанс и положительно влияют на производительность динамиков.   .

Вадим, [18.08.20 23:15]
[Forwarded from Вадим]
Какую машину выбрать ?

Вадим, [18.08.20 23:15]
[Forwarded from GBNLPBochBot]
полноприводный доведенный пикап с кэмпом на хребте !"!!!.

Вадим, [18.08.20 23:15]
[Forwarded from Вадим]
Чего ?

Вадим, [18.08.20 23:15]
[Forwarded from GBNLPBochBot]
Только что открыл Ваш вопрос - как палкой по голове. Sorry. Не увидел смысла. Узнал лишь имя Березовского и мамбу. Змея такая? Или латиноамериканский танец? Короче, не свезло..

Вадим, [18.08.20 23:15]
[Forwarded from Вадим]
Пока

Вадим, [18.08.20 23:15]
[Forwarded from GBNLPBochBot]
Все уже сложилось и даже очень! ))).

Вадим, [18.08.20 23:15]
[Forwarded from Вадим]
Пока

Вадим, [18.08.20 23:15]
[Forwarded from GBNLPBochBot]
Есть такое лекарство, оно продаётся без рецепта в любой аптеке или других местах - новое увлечение!!.

Вадим, [18.08.20 23:15]
[Forwarded from Вадим]
Обама чмо

Вадим, [18.08.20 23:15]
[Forwarded from GBNLPBochBot]
Изначально- человек морально опущенный, но в современной интерпретации можно расшивровать как угодно(час молодежного отдыха, Что может обезьяна и т.д.).
