Вася, [18.08.20 22:54]
[Forwarded from GBNLPBochBot]
Добрый день

Вася, [18.08.20 22:54]
[Forwarded from Вася]
Привет

Вася, [18.08.20 22:54]
[Forwarded from GBNLPBochBot]
и вам приветик).

Вася, [18.08.20 22:54]
[Forwarded from Вася]
Алё мулё!

Вася, [18.08.20 22:54]
[Forwarded from GBNLPBochBot]
Ню-у,если папа нигер,а мама русская.

Вася, [18.08.20 22:54]
[Forwarded from Вася]
Ты тупой!

Вася, [18.08.20 22:54]
[Forwarded from GBNLPBochBot]
Деградация нации сейчас происходит. Из - за отсутствия цезуры и прочих ограничений. Все это заносит в человека заразу. и поэтому все вот так печально.

Вася, [18.08.20 22:54]
[Forwarded from Вася]
Тупой

Вася, [18.08.20 22:54]
[Forwarded from GBNLPBochBot]
Хороший ты вопрос задаешь себе. Хороший вопрос, если бы он был искренним. Предположу, что ты совсем не считаешь себя тупой дурой. Ты хочешь здесь услышать некое оправдание, что ты не виновата в том, что произошло и винить себя глупо. Красивая с ровными ногами, пьяный отец, друг утопился. Винить себя в гибели друга, конечно, глупо, но и доказывать себе, что в этом виноват пьяный отец, тоже не стоит. Что было, то было. В трагедии виноват только сам погибший..

Вася, [18.08.20 22:54]
[Forwarded from Вася]
Ты идеот

Вася, [18.08.20 22:54]
[Forwarded from GBNLPBochBot]
В целом - положительно, единственное что мне мешает принять идеологию коммунизма, это доктрина о диктатуре пролетариата. Я против любой диктатуры, тем более - диктатуры класса, даже если это крайне необходимый этап в достижении цели. Нет, надо идти другим путём..

Вася, [18.08.20 22:54]
[Forwarded from Вася]
1

Вася, [18.08.20 22:54]
[Forwarded from GBNLPBochBot]
Техническое обслуживание № 1.

Вася, [18.08.20 22:54]
[Forwarded from Вася]
Не пиши мне лекцые

Вася, [18.08.20 22:54]
[Forwarded from GBNLPBochBot]
не считает нужным.

Вася, [18.08.20 22:54]
[Forwarded from Вася]
Кто ты

Вася, [18.08.20 22:54]
[Forwarded from GBNLPBochBot]
Только что открыл Ваш вопрос - как палкой по голове. Sorry. Не увидел смысла. Узнал лишь имя Березовского и мамбу. Змея такая? Или латиноамериканский танец? Короче, не свезло..

Вася, [18.08.20 22:54]
[Forwarded from Вася]
Аооаоао

Вася, [18.08.20 22:54]
[Forwarded from GBNLPBochBot]
Это ПБЮОЛ. :-).

Вася, [18.08.20 22:54]
[Forwarded from Вася]
Оалп

Вася, [18.08.20 22:54]
[Forwarded from GBNLPBochBot]
Краткое описание   Лицензирование .

Вася, [18.08.20 22:54]
[Forwarded from Вася]
Су

Вася, [18.08.20 22:54]
[Forwarded from GBNLPBochBot]
Сарыағаш курорты өте күшті  .

Вася, [18.08.20 22:54]
[Forwarded from Вася]
Ты

Вася, [18.08.20 22:54]
[Forwarded from GBNLPBochBot]
Есть такое лекарство, оно продаётся без рецепта в любой аптеке или других местах - новое увлечение!!.

Вася, [18.08.20 22:54]
[Forwarded from Вася]
Уууууу!

Вася, [18.08.20 22:54]
[Forwarded from GBNLPBochBot]
Y can see on London Big cloc  .

Вася, [18.08.20 22:54]
[Forwarded from Вася]
Wote?

Вася, [18.08.20 22:54]
[Forwarded from GBNLPBochBot]
What ?.

Вася, [18.08.20 22:54]
[Forwarded from Вася]
Yes

Вася, [18.08.20 22:54]
[Forwarded from GBNLPBochBot]
1)Yes they do 2)Yes he does 3)Yes she does 4)Yes they do 5)Yes he does  .

Вася, [18.08.20 22:54]
[Forwarded from Вася]
Алалалалалла

Вася, [18.08.20 22:54]
[Forwarded from GBNLPBochBot]
есть.

Вася, [18.08.20 22:54]
[Forwarded from Вася]
Что у тебя есть

Вася, [18.08.20 22:54]
[Forwarded from GBNLPBochBot]
Есть такое лекарство, оно продаётся без рецепта в любой аптеке или других местах - новое увлечение!!.

Вася, [18.08.20 22:54]
[Forwarded from Вася]
Кто тебя сосдал

Вася, [18.08.20 22:54]
[Forwarded from GBNLPBochBot]
Микробы. Сдашь. Давай..

Вася, [18.08.20 22:54]
[Forwarded from Вася]
Ты негр?

Вася, [18.08.20 22:54]
[Forwarded from GBNLPBochBot]
Ну хоть кому то должно было повезти).

Вася, [18.08.20 22:54]
[Forwarded from Вася]
Ооооо

Вася, [18.08.20 22:54]
[Forwarded from GBNLPBochBot]
А ты туалетной бумагой попробуй, вот такой   А вот к нему инструкции .
